<?xml version="1.0" encoding="UTF-8"?>
<urlset
      xmlns="http://www.sitemaps.org/schemas/sitemap/0.9"
      xmlns:xsi="http://www.w3.org/2001/XMLSchema-instance"
      xsi:schemaLocation="http://www.sitemaps.org/schemas/sitemap/0.9
            http://www.sitemaps.org/schemas/sitemap/0.9/sitemap.xsd">
<!-- Updated: ADK 02/20/2021 -->

<url>
  <loc>https://www.hhs.gov/</loc>
  <lastmod>2020-03-20T16:58:59+00:00</lastmod>
  <priority>1.00</priority>
</url>

<url>
  <loc>https://www.hhs.gov/az/a/index.html</loc>
  <lastmod>2020-03-20T16:58:59+00:00</lastmod>
  <priority>0.80</priority>
</url>
<url>
  <loc>https://www.hhs.gov/about/index.html</loc>
  <lastmod>2020-03-20T16:58:59+00:00</lastmod>
  <priority>0.80</priority>
</url>
<url>
  <loc>https://www.hhs.gov/about/news/coronavirus/index.html</loc>
  <lastmod>2020-03-20T16:58:59+00:00</lastmod>
  <priority>0.80</priority>
</url>
<url>
  <loc>https://www.hhs.gov/programs/index.html</loc>
  <lastmod>2020-03-20T16:58:59+00:00</lastmod>
  <priority>0.80</priority>
</url>
<url>
  <loc>https://www.hhs.gov/regulations/index.html</loc>
  <lastmod>2020-03-20T16:58:59+00:00</lastmod>
  <priority>0.80</priority>
</url>
<url>
  <loc>https://www.hhs.gov/opioids/</loc>
  <lastmod>2020-03-20T16:58:59+00:00</lastmod>
  <priority>0.80</priority>
</url>
<url>
  <loc>https://www.hhs.gov/surgeongeneral/reports-and-publications/tobacco/index.html</loc>
  <lastmod>2020-03-20T16:58:59+00:00</lastmod>
  <priority>0.80</priority>
</url>
<url>
  <loc>https://www.hhs.gov/healthcare/index.html</loc>
  <lastmod>2020-03-20T16:58:59+00:00</lastmod>
  <priority>0.80</priority>
</url>
<url>
  <loc>https://www.hhs.gov/grants/index.html</loc>
  <lastmod>2020-03-20T16:58:59+00:00</lastmod>
  <priority>0.80</priority>
</url>
<url>
  <loc>https://www.hhs.gov/health.gov/our-work/physical-activity</loc>
  <lastmod>2020-03-20T16:58:59+00:00</lastmod>
  <priority>0.80</priority>
</url>
<url>
  <loc>https://www.hhs.gov/sites/default/files/eo-13891-extension-request-2-27-20r.pdf</loc>
  <lastmod>2020-03-12T14:05:00+00:00</lastmod>
  <priority>0.64</priority>
</url>
<url>
  <loc>https://www.hhs.gov/sites/default/files/opioid%20PHE%20Declaration-no-sig.pdf</loc>
  <lastmod>2017-10-27T20:00:41+00:00</lastmod>
  <priority>0.64</priority>
</url>

<url>
  <loc>https://www.hhs.gov/sites/default/files/2020-cessation-sgr-full-report.pdf</loc>
  <lastmod>2020-01-23T14:59:58+00:00</lastmod>
  <priority>0.64</priority>
</url>
<url>
  <loc>https://www.hhs.gov/sites/default/files/2020-cessation-sgr-executive-summary.pdf</loc>
  <lastmod>2020-01-23T15:00:49+00:00</lastmod>
  <priority>0.64</priority>
</url>
<url>
  <loc>https://www.hhs.gov/grants/index.html</loc>
  <lastmod>2020-03-20T16:58:59+00:00</lastmod>
  <priority>0.80</priority>
</url>
<url>
  <loc>https://www.hhs.gov/sites/default/files/2020-cessation-sgr-factsheet-key-findings.pdf</loc>
  <lastmod>2020-01-23T15:14:50+00:00</lastmod>
  <priority>0.64</priority>
</url>
</urlset>
